<?xml version="1.0" encoding="UTF-8"?>
<testsuite name="ApplicationTest" tests="1" skipped="0" failures="0" errors="0" timestamp="2019-12-21T17:31:15" hostname="DESKTOP-OAAKU2I" time="0.043">
  <properties/>
  <testcase name="calculator_TEST" classname="ApplicationTest" time="0.043"/>
  <system-out><![CDATA[]]></system-out>
  <system-err><![CDATA[]]></system-err>
</testsuite>
